INFO 2021-03-12 16:29:07,824 views 16860 4880 [{'node': <BookUserTree: — newuser2>, 'tree': []}, {'node': <BookUserTree: — newuser3>, 'tree': []}, {'node': <BookUserTree: — userauthor>, 'tree': []}]
INFO 2021-03-12 16:29:07,825 views 16860 4880 — newuser2
— newuser3
— userauthor
INFO 2021-03-12 16:29:07,825 views 16860 4880 <QuerySet [<BookUserTree: — newuser2>, <BookUserTree: — newuser3>, <BookUserTree: — userauthor>]>
INFO 2021-03-12 16:29:07,837 views 16860 4880 [<BookUserTree: — newuser2>, <BookUserTree: — newuser3>, <BookUserTree: — userauthor>]
INFO 2021-03-12 16:29:07,838 views 16860 4880 pk.get_descendants()
INFO 2021-03-12 16:29:07,838 views 16860 4880 [<BookUserTree: userreader>]
INFO 2021-03-12 16:29:07,838 views 16860 4880 [{'node': <BookUserTree: userreader>, 'tree': [{'node': <BookUserTree: — newuser2>, 'tree': []}, {'node': <BookUserTree: — newuser3>, 'tree': []}, {'node': <BookUserTree: — userauthor>, 'tree': []}]}]
INFO 2021-03-12 16:29:07,838 views 16860 4880 Error
INFO 2021-03-12 16:29:07,838 views 16860 4880 When a serializer is passed a `data` keyword argument you must call `.is_valid()` before attempting to access the serialized `.data` representation.
You should either call `.is_valid()` first, or access `.initial_data` instead.
INFO 2021-03-12 16:30:47,911 views 17284 17024 [{'node': <BookUserTree: — newuser2>, 'tree': []}, {'node': <BookUserTree: — newuser3>, 'tree': []}, {'node': <BookUserTree: — userauthor>, 'tree': []}]
INFO 2021-03-12 16:30:47,912 views 17284 17024 — newuser2
— newuser3
— userauthor
INFO 2021-03-12 16:30:47,912 views 17284 17024 <QuerySet [<BookUserTree: — newuser2>, <BookUserTree: — newuser3>, <BookUserTree: — userauthor>]>
INFO 2021-03-12 16:30:47,925 views 17284 17024 [<BookUserTree: — newuser2>, <BookUserTree: — newuser3>, <BookUserTree: — userauthor>]
INFO 2021-03-12 16:30:47,926 views 17284 17024 pk.get_descendants()
INFO 2021-03-12 16:30:47,926 views 17284 17024 [<BookUserTree: userreader>]
INFO 2021-03-12 16:30:47,926 views 17284 17024 [{'node': <BookUserTree: userreader>, 'tree': [{'node': <BookUserTree: — newuser2>, 'tree': []}, {'node': <BookUserTree: — newuser3>, 'tree': []}, {'node': <BookUserTree: — userauthor>, 'tree': []}]}]
INFO 2021-03-12 16:30:47,927 views 17284 17024 Error
INFO 2021-03-12 16:30:47,927 views 17284 17024 serialize() missing 1 required positional argument: 'queryset'
